f:\e\study\ii-ii\programs\c_c++\dsa\maze generator and solver\maze\debug\vc142.pdb
f:\e\study\ii-ii\programs\c_c++\dsa\maze generator and solver\maze\debug\vc142.idb
f:\e\study\ii-ii\programs\c_c++\dsa\maze generator and solver\maze\debug\window.obj
f:\e\study\ii-ii\programs\c_c++\dsa\maze generator and solver\maze\debug\shader.obj
f:\e\study\ii-ii\programs\c_c++\dsa\maze generator and solver\maze\debug\renderer.obj
f:\e\study\ii-ii\programs\c_c++\dsa\maze generator and solver\maze\debug\mazesolver.obj
f:\e\study\ii-ii\programs\c_c++\dsa\maze generator and solver\maze\debug\mazegenerator.obj
f:\e\study\ii-ii\programs\c_c++\dsa\maze generator and solver\maze\debug\main.obj
f:\e\study\ii-ii\programs\c_c++\dsa\maze generator and solver\maze\debug\imgui_widgets.obj
f:\e\study\ii-ii\programs\c_c++\dsa\maze generator and solver\maze\debug\imgui_impl_opengl3.obj
f:\e\study\ii-ii\programs\c_c++\dsa\maze generator and solver\maze\debug\imgui_impl_glfw.obj
f:\e\study\ii-ii\programs\c_c++\dsa\maze generator and solver\maze\debug\imgui_draw.obj
f:\e\study\ii-ii\programs\c_c++\dsa\maze generator and solver\maze\debug\imgui_demo.obj
f:\e\study\ii-ii\programs\c_c++\dsa\maze generator and solver\maze\debug\imgui.obj
f:\e\study\ii-ii\programs\c_c++\dsa\maze generator and solver\maze\debug\camera2d.obj
f:\e\study\ii-ii\programs\c_c++\dsa\maze generator and solver\maze\debug\application.obj
f:\e\study\ii-ii\programs\c_c++\dsa\maze generator and solver\debug\maze.exe
f:\e\study\ii-ii\programs\c_c++\dsa\maze generator and solver\debug\maze.ilk
f:\e\study\ii-ii\programs\c_c++\dsa\maze generator and solver\debug\maze.pdb
f:\e\study\ii-ii\programs\c_c++\dsa\maze generator and solver\maze\debug\maze.tlog\cl.command.1.tlog
f:\e\study\ii-ii\programs\c_c++\dsa\maze generator and solver\maze\debug\maze.tlog\cl.read.1.tlog
f:\e\study\ii-ii\programs\c_c++\dsa\maze generator and solver\maze\debug\maze.tlog\cl.write.1.tlog
f:\e\study\ii-ii\programs\c_c++\dsa\maze generator and solver\maze\debug\maze.tlog\link.command.1.tlog
f:\e\study\ii-ii\programs\c_c++\dsa\maze generator and solver\maze\debug\maze.tlog\link.read.1.tlog
f:\e\study\ii-ii\programs\c_c++\dsa\maze generator and solver\maze\debug\maze.tlog\link.write.1.tlog
