f:\e\study\ii-ii\programs\cg\opengl\opengl\debug\vc142.pdb
f:\e\study\ii-ii\programs\cg\opengl\opengl\debug\vc142.idb
f:\e\study\ii-ii\programs\cg\opengl\opengl\debug\main.obj
f:\e\study\ii-ii\programs\cg\opengl\opengl\debug\mesh.obj
f:\e\study\ii-ii\programs\cg\opengl\opengl\debug\window.obj
f:\e\study\ii-ii\programs\cg\opengl\opengl\debug\shader.obj
f:\e\study\ii-ii\programs\cg\opengl\opengl\debug\mouse.obj
f:\e\study\ii-ii\programs\cg\opengl\opengl\debug\application.obj
f:\e\study\ii-ii\programs\cg\opengl\opengl\debug\camera.obj
f:\e\study\ii-ii\programs\cg\opengl\opengl\debug\keyboard.obj
f:\e\study\ii-ii\programs\cg\opengl\opengl\debug\texture.obj
f:\e\study\ii-ii\programs\cg\opengl\opengl\debug\helper.obj
f:\e\study\ii-ii\programs\cg\opengl\opengl\debug\light.obj
f:\e\study\ii-ii\programs\cg\opengl\opengl\debug\material.obj
f:\e\study\ii-ii\programs\cg\opengl\opengl\debug\opengl.obj
f:\e\study\ii-ii\programs\cg\opengl\debug\opengl.pdb
f:\e\study\ii-ii\programs\cg\opengl\opengl\debug\opengl.tlog\cl.command.1.tlog
f:\e\study\ii-ii\programs\cg\opengl\opengl\debug\opengl.tlog\cl.read.1.tlog
f:\e\study\ii-ii\programs\cg\opengl\opengl\debug\opengl.tlog\cl.write.1.tlog
f:\e\study\ii-ii\programs\cg\opengl\opengl\debug\opengl.tlog\link-cvtres.read.1.tlog
f:\e\study\ii-ii\programs\cg\opengl\opengl\debug\opengl.tlog\link-cvtres.write.1.tlog
f:\e\study\ii-ii\programs\cg\opengl\opengl\debug\opengl.tlog\link-rc.read.1.tlog
f:\e\study\ii-ii\programs\cg\opengl\opengl\debug\opengl.tlog\link-rc.write.1.tlog
f:\e\study\ii-ii\programs\cg\opengl\opengl\debug\opengl.tlog\link.8124-cvtres.read.1.tlog
f:\e\study\ii-ii\programs\cg\opengl\opengl\debug\opengl.tlog\link.8124-cvtres.write.1.tlog
f:\e\study\ii-ii\programs\cg\opengl\opengl\debug\opengl.tlog\link.8124-rc.read.1.tlog
f:\e\study\ii-ii\programs\cg\opengl\opengl\debug\opengl.tlog\link.8124-rc.write.1.tlog
f:\e\study\ii-ii\programs\cg\opengl\opengl\debug\opengl.tlog\link.8124.read.1.tlog
f:\e\study\ii-ii\programs\cg\opengl\opengl\debug\opengl.tlog\link.8124.write.1.tlog
f:\e\study\ii-ii\programs\cg\opengl\opengl\debug\opengl.tlog\link.command.1.tlog
f:\e\study\ii-ii\programs\cg\opengl\opengl\debug\opengl.tlog\link.read.1.tlog
f:\e\study\ii-ii\programs\cg\opengl\opengl\debug\opengl.tlog\link.write.1.tlog
